<?xml version="1.0" encoding="UTF-8"?>
<!-- Generated by org.testng.reporters.JUnitXMLReporter -->
<testsuite hostname="Aykuts-Air" ignored="0" name="Test" tests="6" failures="0" timestamp="05 Sep 2019 15:11:17 GMT" time="0.058" errors="0">
  <testcase name="BrowserAutomation" time="0.007" classname="qaclickacademy.SeleniumTest"/>
  <testcase name="elementsUi" time="0.001" classname="qaclickacademy.SeleniumTest"/>
  <testcase name="deleteTwitter" time="0.0" classname="qaclickacademy.RestAPITest"/>
  <testcase name="postJira" time="0.0" classname="qaclickacademy.RestAPITest"/>
  <testcase name="IOSApps" time="0.001" classname="qaclickacademy.AppiumTest"/>
  <testcase name="NatuveAppAndroid" time="0.0" classname="qaclickacademy.AppiumTest"/>
</testsuite> <!-- Test -->
