<?xml version="1.0" encoding="UTF-8"?>
<testng-results skipped="0" failed="0" ignored="0" total="6" passed="6">
  <reporter-output>
  </reporter-output>
  <suite name="Suite" duration-ms="58" started-at="2019-09-05T15:11:17Z" finished-at="2019-09-05T15:11:17Z">
    <groups>
    </groups>
    <test name="Test" duration-ms="58" started-at="2019-09-05T15:11:17Z" finished-at="2019-09-05T15:11:17Z">
      <class name="qaclickacademy.AppiumTest">
        <test-method status="PASS" signature="IOSApps()[pri:0, instance:qaclickacademy.AppiumTest@531be3c5]" name="IOSApps" duration-ms="1" started-at="2019-09-05T15:11:17Z" finished-at="2019-09-05T15:11:17Z">
          <reporter-output>
          </reporter-output>
        </test-method> <!-- IOSApps -->
        <test-method status="PASS" signature="NatuveAppAndroid()[pri:0, instance:qaclickacademy.AppiumTest@531be3c5]" name="NatuveAppAndroid" duration-ms="0" started-at="2019-09-05T15:11:17Z" finished-at="2019-09-05T15:11:17Z">
          <reporter-output>
          </reporter-output>
        </test-method> <!-- NatuveAppAndroid -->
      </class> <!-- qaclickacademy.AppiumTest -->
      <class name="qaclickacademy.RestAPITest">
        <test-method status="PASS" signature="deleteTwitter()[pri:0, instance:qaclickacademy.RestAPITest@3551a94]" name="deleteTwitter" duration-ms="0" started-at="2019-09-05T15:11:17Z" finished-at="2019-09-05T15:11:17Z">
          <reporter-output>
          </reporter-output>
        </test-method> <!-- deleteTwitter -->
        <test-method status="PASS" signature="postJira()[pri:0, instance:qaclickacademy.RestAPITest@3551a94]" name="postJira" duration-ms="0" started-at="2019-09-05T15:11:17Z" finished-at="2019-09-05T15:11:17Z">
          <reporter-output>
          </reporter-output>
        </test-method> <!-- postJira -->
      </class> <!-- qaclickacademy.RestAPITest -->
      <class name="qaclickacademy.SeleniumTest">
        <test-method status="PASS" signature="BrowserAutomation()[pri:0, instance:qaclickacademy.SeleniumTest@5a61f5df]" name="BrowserAutomation" duration-ms="7" started-at="2019-09-05T15:11:17Z" finished-at="2019-09-05T15:11:17Z">
          <reporter-output>
          </reporter-output>
        </test-method> <!-- BrowserAutomation -->
        <test-method status="PASS" signature="elementsUi()[pri:0, instance:qaclickacademy.SeleniumTest@5a61f5df]" name="elementsUi" duration-ms="1" started-at="2019-09-05T15:11:17Z" finished-at="2019-09-05T15:11:17Z">
          <reporter-output>
          </reporter-output>
        </test-method> <!-- elementsUi -->
      </class> <!-- qaclickacademy.SeleniumTest -->
    </test> <!-- Test -->
  </suite> <!-- Suite -->
</testng-results>
